  Main.cpp
c:\users\bed_ros\documents\github\langton_s_ant\langton_s_ant\tilemap.cpp(24): warning C4244: аргумент: преобразование "unsigned int" в "T", возможна потеря данных
          with
          [
              T=float
          ]
c:\users\bed_ros\documents\github\langton_s_ant\langton_s_ant\tilemap.cpp(25): warning C4244: аргумент: преобразование "unsigned int" в "T", возможна потеря данных
          with
          [
              T=float
          ]
c:\users\bed_ros\documents\github\langton_s_ant\langton_s_ant\tilemap.cpp(26): warning C4244: аргумент: преобразование "unsigned int" в "T", возможна потеря данных
          with
          [
              T=float
          ]
c:\users\bed_ros\documents\github\langton_s_ant\langton_s_ant\tilemap.cpp(27): warning C4244: аргумент: преобразование "unsigned int" в "T", возможна потеря данных
          with
          [
              T=float
          ]
c:\users\bed_ros\documents\github\langton_s_ant\langton_s_ant\tileant.cpp(83): warning C4244: аргумент: преобразование "T" в "T", возможна потеря данных
          with
          [
              T=unsigned int
          ]
          and
          [
              T=float
          ]
c:\users\bed_ros\documents\github\langton_s_ant\langton_s_ant\tileant.cpp(84): warning C4244: аргумент: преобразование "T" в "T", возможна потеря данных
          with
          [
              T=unsigned int
          ]
          and
          [
              T=float
          ]
c:\users\bed_ros\documents\github\langton_s_ant\langton_s_ant\tileant.cpp(85): warning C4244: аргумент: преобразование "T" в "T", возможна потеря данных
          with
          [
              T=unsigned int
          ]
          and
          [
              T=float
          ]
c:\users\bed_ros\documents\github\langton_s_ant\langton_s_ant\tileant.cpp(86): warning C4244: аргумент: преобразование "T" в "T", возможна потеря данных
          with
          [
              T=unsigned int
          ]
          and
          [
              T=float
          ]
c:\users\bed_ros\documents\github\langton_s_ant\langton_s_ant\tileant.cpp(95): warning C4244: аргумент: преобразование "T" в "T", возможна потеря данных
          with
          [
              T=unsigned int
          ]
          and
          [
              T=float
          ]
c:\users\bed_ros\documents\github\langton_s_ant\langton_s_ant\tileant.cpp(97): warning C4244: аргумент: преобразование "T" в "T", возможна потеря данных
          with
          [
              T=unsigned int
          ]
          and
          [
              T=float
          ]
c:\users\bed_ros\documents\github\langton_s_ant\langton_s_ant\tileant.cpp(98): warning C4244: аргумент: преобразование "T" в "T", возможна потеря данных
          with
          [
              T=unsigned int
          ]
          and
          [
              T=float
          ]
c:\users\bed_ros\documents\github\langton_s_ant\langton_s_ant\tileant.cpp(101): warning C4244: аргумент: преобразование "T" в "T", возможна потеря данных
          with
          [
              T=unsigned int
          ]
          and
          [
              T=float
          ]
c:\users\bed_ros\documents\github\langton_s_ant\langton_s_ant\tileant.cpp(102): warning C4244: аргумент: преобразование "T" в "T", возможна потеря данных
          with
          [
              T=unsigned int
          ]
          and
          [
              T=float
          ]
c:\users\bed_ros\documents\github\langton_s_ant\langton_s_ant\tileant.cpp(103): warning C4244: аргумент: преобразование "T" в "T", возможна потеря данных
          with
          [
              T=unsigned int
          ]
          and
          [
              T=float
          ]
c:\users\bed_ros\documents\github\langton_s_ant\langton_s_ant\tileant.cpp(107): warning C4244: аргумент: преобразование "T" в "T", возможна потеря данных
          with
          [
              T=unsigned int
          ]
          and
          [
              T=float
          ]
c:\users\bed_ros\documents\github\langton_s_ant\langton_s_ant\tileant.cpp(108): warning C4244: аргумент: преобразование "T" в "T", возможна потеря данных
          with
          [
              T=unsigned int
          ]
          and
          [
              T=float
          ]
c:\users\bed_ros\documents\github\langton_s_ant\langton_s_ant\tileant.cpp(110): warning C4244: аргумент: преобразование "T" в "T", возможна потеря данных
          with
          [
              T=unsigned int
          ]
          and
          [
              T=float
          ]
c:\users\bed_ros\documents\github\langton_s_ant\langton_s_ant\tileant.cpp(114): warning C4244: аргумент: преобразование "T" в "T", возможна потеря данных
          with
          [
              T=unsigned int
          ]
          and
          [
              T=float
          ]
c:\users\bed_ros\documents\github\langton_s_ant\langton_s_ant\tileant.cpp(115): warning C4244: аргумент: преобразование "T" в "T", возможна потеря данных
          with
          [
              T=unsigned int
          ]
          and
          [
              T=float
          ]
c:\users\bed_ros\documents\github\langton_s_ant\langton_s_ant\tileant.cpp(116): warning C4244: аргумент: преобразование "T" в "T", возможна потеря данных
          with
          [
              T=unsigned int
          ]
          and
          [
              T=float
          ]
  Langton_s_Ant.vcxproj -> C:\Users\Bed_Ros\Documents\GitHub\Langton_s_Ant\Debug\Langton_s_Ant.exe
